<?xml version="1.0" encoding="UTF-8"?>
<testng-results skipped="0" failed="4" total="12" passed="8">
  <reporter-output>
  </reporter-output>
  <suite name="Default suite" duration-ms="59274" started-at="2017-11-02T11:47:51Z" finished-at="2017-11-02T11:48:51Z">
    <groups>
    </groups>
    <test name="Default test" duration-ms="59274" started-at="2017-11-02T11:47:51Z" finished-at="2017-11-02T11:48:51Z">
      <class name="toDoAppTestAutomation.ToDoAppTests">
        <test-method status="PASS" signature="beforeSuite()" name="beforeSuite" is-config="true" duration-ms="11" started-at="2017-11-02T11:47:51Z" finished-at="2017-11-02T11:47:51Z">
        </test-method>
        <test-method status="PASS" signature="beforeMethod()" name="beforeMethod" is-config="true" duration-ms="871" started-at="2017-11-02T11:47:51Z" finished-at="2017-11-02T11:47:52Z">
        </test-method>
        <test-method status="PASS" signature="test_Signin()" name="test_Signin" duration-ms="5214" started-at="2017-11-02T11:47:52Z" finished-at="2017-11-02T11:47:57Z">
        </test-method>
        <test-method status="PASS" signature="afterMethod()" name="afterMethod" is-config="true" duration-ms="1" started-at="2017-11-02T11:47:57Z" finished-at="2017-11-02T11:47:57Z">
        </test-method>
        <test-method status="PASS" signature="beforeMethod()" name="beforeMethod" is-config="true" duration-ms="215" started-at="2017-11-02T11:47:57Z" finished-at="2017-11-02T11:47:58Z">
        </test-method>
        <test-method status="PASS" signature="test_addSubTask()" name="test_addSubTask" duration-ms="4688" started-at="2017-11-02T11:47:58Z" finished-at="2017-11-02T11:48:02Z">
        </test-method>
        <test-method status="PASS" signature="afterMethod()" name="afterMethod" is-config="true" duration-ms="0" started-at="2017-11-02T11:48:02Z" finished-at="2017-11-02T11:48:02Z">
        </test-method>
        <test-method status="PASS" signature="beforeMethod()" name="beforeMethod" is-config="true" duration-ms="219" started-at="2017-11-02T11:48:02Z" finished-at="2017-11-02T11:48:03Z">
        </test-method>
        <test-method status="FAIL" signature="test_addSubTask_HeaderValidation()" name="test_addSubTask_HeaderValidation" duration-ms="3135" started-at="2017-11-02T11:48:03Z" finished-at="2017-11-02T11:48:06Z">
          <exception class="java.lang.AssertionError">
            <message>
              <![CDATA[Incorrect Task header expected:<true> but was:<false>]]>
            </message>
            <full-stacktrace>
              <![CDATA[java.lang.AssertionError: Incorrect Task header expected:<true> but was:<false>
	at org.testng.Assert.fail(Assert.java:89)
	at org.testng.Assert.failNotEquals(Assert.java:489)
	at org.testng.Assert.assertTrue(Assert.java:37)
	at toDoAppTestAutomation.ToDoAppTests.test_addSubTask_HeaderValidation(ToDoAppTests.java:126)
	at sun.reflect.NativeMethodAccessorImpl.invoke0(Native Method)
	at sun.reflect.NativeMethodAccessorImpl.invoke(NativeMethodAccessorImpl.java:62)
	at sun.reflect.DelegatingMethodAccessorImpl.invoke(DelegatingMethodAccessorImpl.java:43)
	at java.lang.reflect.Method.invoke(Method.java:498)
	at org.testng.internal.MethodInvocationHelper.invokeMethod(MethodInvocationHelper.java:80)
	at org.testng.internal.Invoker.invokeMethod(Invoker.java:673)
	at org.testng.internal.Invoker.invokeTestMethod(Invoker.java:842)
	at org.testng.internal.Invoker.invokeTestMethods(Invoker.java:1166)
	at org.testng.internal.TestMethodWorker.invokeTestMethods(TestMethodWorker.java:125)
	at org.testng.internal.TestMethodWorker.run(TestMethodWorker.java:109)
	at org.testng.TestRunner.runWorkers(TestRunner.java:1178)
	at org.testng.TestRunner.privateRun(TestRunner.java:757)
	at org.testng.TestRunner.run(TestRunner.java:608)
	at org.testng.SuiteRunner.runTest(SuiteRunner.java:334)
	at org.testng.SuiteRunner.runSequentially(SuiteRunner.java:329)
	at org.testng.SuiteRunner.privateRun(SuiteRunner.java:291)
	at org.testng.SuiteRunner.run(SuiteRunner.java:240)
	at org.testng.SuiteRunnerWorker.runSuite(SuiteRunnerWorker.java:52)
	at org.testng.SuiteRunnerWorker.run(SuiteRunnerWorker.java:86)
	at org.testng.TestNG.runSuitesSequentially(TestNG.java:1158)
	at org.testng.TestNG.runSuitesLocally(TestNG.java:1083)
	at org.testng.TestNG.run(TestNG.java:999)
	at org.testng.remote.AbstractRemoteTestNG.run(AbstractRemoteTestNG.java:114)
	at org.testng.remote.RemoteTestNG.initAndRun(RemoteTestNG.java:251)
	at org.testng.remote.RemoteTestNG.main(RemoteTestNG.java:77)
]]>
            </full-stacktrace>
          </exception>
        </test-method>
        <test-method status="PASS" signature="afterMethod()" name="afterMethod" is-config="true" duration-ms="1" started-at="2017-11-02T11:48:06Z" finished-at="2017-11-02T11:48:06Z">
        </test-method>
        <test-method status="PASS" signature="beforeMethod()" name="beforeMethod" is-config="true" duration-ms="351" started-at="2017-11-02T11:48:06Z" finished-at="2017-11-02T11:48:06Z">
        </test-method>
        <test-method status="PASS" signature="test_addTask()" name="test_addTask" duration-ms="3413" started-at="2017-11-02T11:48:06Z" finished-at="2017-11-02T11:48:09Z">
        </test-method>
        <test-method status="PASS" signature="afterMethod()" name="afterMethod" is-config="true" duration-ms="0" started-at="2017-11-02T11:48:09Z" finished-at="2017-11-02T11:48:09Z">
        </test-method>
        <test-method status="PASS" signature="beforeMethod()" name="beforeMethod" is-config="true" duration-ms="257" started-at="2017-11-02T11:48:09Z" finished-at="2017-11-02T11:48:10Z">
        </test-method>
        <test-method status="FAIL" signature="test_addTask_FieldValidation(java.lang.String)" name="test_addTask_FieldValidation" duration-ms="2741" started-at="2017-11-02T11:48:10Z" finished-at="2017-11-02T11:48:12Z">
          <params>
            <param index="0">
              <value>
                <![CDATA[ab]]>
              </value>
            </param>
          </params>
          <exception class="java.lang.AssertionError">
            <message>
              <![CDATA[Task Name should have minimum 3 characters or maximum 250 characters  expected:<true> but was:<false>]]>
            </message>
            <full-stacktrace>
              <![CDATA[java.lang.AssertionError: Task Name should have minimum 3 characters or maximum 250 characters  expected:<true> but was:<false>
	at org.testng.Assert.fail(Assert.java:89)
	at org.testng.Assert.failNotEquals(Assert.java:489)
	at org.testng.Assert.assertTrue(Assert.java:37)
	at toDoAppTestAutomation.ToDoAppTests.test_addTask_FieldValidation(ToDoAppTests.java:143)
	at sun.reflect.NativeMethodAccessorImpl.invoke0(Native Method)
	at sun.reflect.NativeMethodAccessorImpl.invoke(NativeMethodAccessorImpl.java:62)
	at sun.reflect.DelegatingMethodAccessorImpl.invoke(DelegatingMethodAccessorImpl.java:43)
	at java.lang.reflect.Method.invoke(Method.java:498)
	at org.testng.internal.MethodInvocationHelper.invokeMethod(MethodInvocationHelper.java:80)
	at org.testng.internal.Invoker.invokeMethod(Invoker.java:673)
	at org.testng.internal.Invoker.invokeTestMethod(Invoker.java:842)
	at org.testng.internal.Invoker.invokeTestMethods(Invoker.java:1166)
	at org.testng.internal.TestMethodWorker.invokeTestMethods(TestMethodWorker.java:125)
	at org.testng.internal.TestMethodWorker.run(TestMethodWorker.java:109)
	at org.testng.TestRunner.runWorkers(TestRunner.java:1178)
	at org.testng.TestRunner.privateRun(TestRunner.java:757)
	at org.testng.TestRunner.run(TestRunner.java:608)
	at org.testng.SuiteRunner.runTest(SuiteRunner.java:334)
	at org.testng.SuiteRunner.runSequentially(SuiteRunner.java:329)
	at org.testng.SuiteRunner.privateRun(SuiteRunner.java:291)
	at org.testng.SuiteRunner.run(SuiteRunner.java:240)
	at org.testng.SuiteRunnerWorker.runSuite(SuiteRunnerWorker.java:52)
	at org.testng.SuiteRunnerWorker.run(SuiteRunnerWorker.java:86)
	at org.testng.TestNG.runSuitesSequentially(TestNG.java:1158)
	at org.testng.TestNG.runSuitesLocally(TestNG.java:1083)
	at org.testng.TestNG.run(TestNG.java:999)
	at org.testng.remote.AbstractRemoteTestNG.run(AbstractRemoteTestNG.java:114)
	at org.testng.remote.RemoteTestNG.initAndRun(RemoteTestNG.java:251)
	at org.testng.remote.RemoteTestNG.main(RemoteTestNG.java:77)
]]>
            </full-stacktrace>
          </exception>
        </test-method>
        <test-method status="PASS" signature="afterMethod()" name="afterMethod" is-config="true" duration-ms="1" started-at="2017-11-02T11:48:12Z" finished-at="2017-11-02T11:48:12Z">
        </test-method>
        <test-method status="PASS" signature="beforeMethod()" name="beforeMethod" is-config="true" duration-ms="190" started-at="2017-11-02T11:48:12Z" finished-at="2017-11-02T11:48:13Z">
        </test-method>
        <test-method status="PASS" signature="test_addTask_FieldValidation(java.lang.String)" name="test_addTask_FieldValidation" duration-ms="5946" started-at="2017-11-02T11:48:13Z" finished-at="2017-11-02T11:48:19Z">
          <params>
            <param index="0">
              <value>
                <![CDATA[1234]]>
              </value>
            </param>
          </params>
        </test-method>
        <test-method status="PASS" signature="afterMethod()" name="afterMethod" is-config="true" duration-ms="0" started-at="2017-11-02T11:48:19Z" finished-at="2017-11-02T11:48:19Z">
        </test-method>
        <test-method status="PASS" signature="beforeMethod()" name="beforeMethod" is-config="true" duration-ms="199" started-at="2017-11-02T11:48:19Z" finished-at="2017-11-02T11:48:19Z">
        </test-method>
        <test-method status="PASS" signature="test_addTask_FieldValidation(java.lang.String)" name="test_addTask_FieldValidation" duration-ms="5659" started-at="2017-11-02T11:48:19Z" finished-at="2017-11-02T11:48:24Z">
          <params>
            <param index="0">
              <value>
                <![CDATA[task1234]]>
              </value>
            </param>
          </params>
        </test-method>
        <test-method status="PASS" signature="beforeMethod()" name="beforeMethod" is-config="true" duration-ms="241" started-at="2017-11-02T11:48:24Z" finished-at="2017-11-02T11:48:25Z">
        </test-method>
        <test-method status="PASS" signature="afterMethod()" name="afterMethod" is-config="true" duration-ms="0" started-at="2017-11-02T11:48:24Z" finished-at="2017-11-02T11:48:24Z">
        </test-method>
        <test-method status="PASS" signature="test_addTask_FieldValidation(java.lang.String)" name="test_addTask_FieldValidation" duration-ms="5588" started-at="2017-11-02T11:48:25Z" finished-at="2017-11-02T11:48:30Z">
          <params>
            <param index="0">
              <value>
                <![CDATA[!@#$%]]>
              </value>
            </param>
          </params>
        </test-method>
        <test-method status="PASS" signature="beforeMethod()" name="beforeMethod" is-config="true" duration-ms="246" started-at="2017-11-02T11:48:30Z" finished-at="2017-11-02T11:48:31Z">
        </test-method>
        <test-method status="PASS" signature="afterMethod()" name="afterMethod" is-config="true" duration-ms="0" started-at="2017-11-02T11:48:30Z" finished-at="2017-11-02T11:48:30Z">
        </test-method>
        <test-method status="FAIL" signature="test_addTask_FieldValidation(java.lang.String)" name="test_addTask_FieldValidation" duration-ms="3456" started-at="2017-11-02T11:48:31Z" finished-at="2017-11-02T11:48:34Z">
          <params>
            <param index="0">
              <value>
                <![CDATA[   ]]>
              </value>
            </param>
          </params>
          <exception class="java.lang.AssertionError">
            <message>
              <![CDATA[expected:<   > but was:<task20171102093352>]]>
            </message>
            <full-stacktrace>
              <![CDATA[java.lang.AssertionError: expected:<   > but was:<task20171102093352>
	at org.testng.Assert.fail(Assert.java:89)
	at org.testng.Assert.failNotEquals(Assert.java:489)
	at org.testng.Assert.assertEquals(Assert.java:118)
	at org.testng.Assert.assertEquals(Assert.java:171)
	at org.testng.Assert.assertEquals(Assert.java:181)
	at toDoAppTestAutomation.ToDoAppTests.test_addTask_FieldValidation(ToDoAppTests.java:142)
	at sun.reflect.NativeMethodAccessorImpl.invoke0(Native Method)
	at sun.reflect.NativeMethodAccessorImpl.invoke(NativeMethodAccessorImpl.java:62)
	at sun.reflect.DelegatingMethodAccessorImpl.invoke(DelegatingMethodAccessorImpl.java:43)
	at java.lang.reflect.Method.invoke(Method.java:498)
	at org.testng.internal.MethodInvocationHelper.invokeMethod(MethodInvocationHelper.java:80)
	at org.testng.internal.Invoker.invokeMethod(Invoker.java:673)
	at org.testng.internal.Invoker.invokeTestMethod(Invoker.java:842)
	at org.testng.internal.Invoker.invokeTestMethods(Invoker.java:1166)
	at org.testng.internal.TestMethodWorker.invokeTestMethods(TestMethodWorker.java:125)
	at org.testng.internal.TestMethodWorker.run(TestMethodWorker.java:109)
	at org.testng.TestRunner.runWorkers(TestRunner.java:1178)
	at org.testng.TestRunner.privateRun(TestRunner.java:757)
	at org.testng.TestRunner.run(TestRunner.java:608)
	at org.testng.SuiteRunner.runTest(SuiteRunner.java:334)
	at org.testng.SuiteRunner.runSequentially(SuiteRunner.java:329)
	at org.testng.SuiteRunner.privateRun(SuiteRunner.java:291)
	at org.testng.SuiteRunner.run(SuiteRunner.java:240)
	at org.testng.SuiteRunnerWorker.runSuite(SuiteRunnerWorker.java:52)
	at org.testng.SuiteRunnerWorker.run(SuiteRunnerWorker.java:86)
	at org.testng.TestNG.runSuitesSequentially(TestNG.java:1158)
	at org.testng.TestNG.runSuitesLocally(TestNG.java:1083)
	at org.testng.TestNG.run(TestNG.java:999)
	at org.testng.remote.AbstractRemoteTestNG.run(AbstractRemoteTestNG.java:114)
	at org.testng.remote.RemoteTestNG.initAndRun(RemoteTestNG.java:251)
	at org.testng.remote.RemoteTestNG.main(RemoteTestNG.java:77)
]]>
            </full-stacktrace>
          </exception>
        </test-method>
        <test-method status="PASS" signature="afterMethod()" name="afterMethod" is-config="true" duration-ms="0" started-at="2017-11-02T11:48:34Z" finished-at="2017-11-02T11:48:34Z">
        </test-method>
        <test-method status="PASS" signature="beforeMethod()" name="beforeMethod" is-config="true" duration-ms="191" started-at="2017-11-02T11:48:34Z" finished-at="2017-11-02T11:48:34Z">
        </test-method>
        <test-method status="FAIL" signature="test_addTask_FieldValidation(java.lang.String)" name="test_addTask_FieldValidation" duration-ms="3614" started-at="2017-11-02T11:48:34Z" finished-at="2017-11-02T11:48:38Z">
          <params>
            <param index="0">
              <value>
                <![CDATA[]]>
              </value>
            </param>
          </params>
          <exception class="java.lang.AssertionError">
            <message>
              <![CDATA[expected:<> but was:<task20171102093352>]]>
            </message>
            <full-stacktrace>
              <![CDATA[java.lang.AssertionError: expected:<> but was:<task20171102093352>
	at org.testng.Assert.fail(Assert.java:89)
	at org.testng.Assert.failNotEquals(Assert.java:489)
	at org.testng.Assert.assertEquals(Assert.java:118)
	at org.testng.Assert.assertEquals(Assert.java:171)
	at org.testng.Assert.assertEquals(Assert.java:181)
	at toDoAppTestAutomation.ToDoAppTests.test_addTask_FieldValidation(ToDoAppTests.java:142)
	at sun.reflect.NativeMethodAccessorImpl.invoke0(Native Method)
	at sun.reflect.NativeMethodAccessorImpl.invoke(NativeMethodAccessorImpl.java:62)
	at sun.reflect.DelegatingMethodAccessorImpl.invoke(DelegatingMethodAccessorImpl.java:43)
	at java.lang.reflect.Method.invoke(Method.java:498)
	at org.testng.internal.MethodInvocationHelper.invokeMethod(MethodInvocationHelper.java:80)
	at org.testng.internal.Invoker.invokeMethod(Invoker.java:673)
	at org.testng.internal.Invoker.invokeTestMethod(Invoker.java:842)
	at org.testng.internal.Invoker.invokeTestMethods(Invoker.java:1166)
	at org.testng.internal.TestMethodWorker.invokeTestMethods(TestMethodWorker.java:125)
	at org.testng.internal.TestMethodWorker.run(TestMethodWorker.java:109)
	at org.testng.TestRunner.runWorkers(TestRunner.java:1178)
	at org.testng.TestRunner.privateRun(TestRunner.java:757)
	at org.testng.TestRunner.run(TestRunner.java:608)
	at org.testng.SuiteRunner.runTest(SuiteRunner.java:334)
	at org.testng.SuiteRunner.runSequentially(SuiteRunner.java:329)
	at org.testng.SuiteRunner.privateRun(SuiteRunner.java:291)
	at org.testng.SuiteRunner.run(SuiteRunner.java:240)
	at org.testng.SuiteRunnerWorker.runSuite(SuiteRunnerWorker.java:52)
	at org.testng.SuiteRunnerWorker.run(SuiteRunnerWorker.java:86)
	at org.testng.TestNG.runSuitesSequentially(TestNG.java:1158)
	at org.testng.TestNG.runSuitesLocally(TestNG.java:1083)
	at org.testng.TestNG.run(TestNG.java:999)
	at org.testng.remote.AbstractRemoteTestNG.run(AbstractRemoteTestNG.java:114)
	at org.testng.remote.RemoteTestNG.initAndRun(RemoteTestNG.java:251)
	at org.testng.remote.RemoteTestNG.main(RemoteTestNG.java:77)
]]>
            </full-stacktrace>
          </exception>
        </test-method>
        <test-method status="PASS" signature="afterMethod()" name="afterMethod" is-config="true" duration-ms="0" started-at="2017-11-02T11:48:38Z" finished-at="2017-11-02T11:48:38Z">
        </test-method>
        <test-method status="PASS" signature="beforeMethod()" name="beforeMethod" is-config="true" duration-ms="229" started-at="2017-11-02T11:48:38Z" finished-at="2017-11-02T11:48:38Z">
        </test-method>
        <test-method status="PASS" signature="test_addTask_FieldValidation(java.lang.String)" name="test_addTask_FieldValidation" duration-ms="6592" started-at="2017-11-02T11:48:38Z" finished-at="2017-11-02T11:48:45Z">
          <params>
            <param index="0">
              <value>
                <![CDATA[testingmorethan250letters_for_task_name_aaaaaaabbbbbbbbbbbbbbbbbbbbbcccccccccccccccccccccccccccdddddddddddddddddddddddddddddeeeeeeeeeeeeeeeeeeeeeeeeeeeeeeeeeeeefffffffffffffffffffffffffggggggggggggggg]]>
              </value>
            </param>
          </params>
        </test-method>
        <test-method status="PASS" signature="afterMethod()" name="afterMethod" is-config="true" duration-ms="0" started-at="2017-11-02T11:48:45Z" finished-at="2017-11-02T11:48:45Z">
        </test-method>
        <test-method status="PASS" signature="beforeMethod()" name="beforeMethod" is-config="true" duration-ms="229" started-at="2017-11-02T11:48:45Z" finished-at="2017-11-02T11:48:45Z">
        </test-method>
        <test-method status="PASS" signature="test_addTask_FieldValidation(java.lang.String)" name="test_addTask_FieldValidation" duration-ms="5756" started-at="2017-11-02T11:48:45Z" finished-at="2017-11-02T11:48:51Z">
          <params>
            <param index="0">
              <value>
                <![CDATA[123testing]]>
              </value>
            </param>
          </params>
        </test-method>
        <test-method status="PASS" signature="afterMethod()" name="afterMethod" is-config="true" duration-ms="1" started-at="2017-11-02T11:48:51Z" finished-at="2017-11-02T11:48:51Z">
        </test-method>
        <test-method status="PASS" signature="afterClass()" name="afterClass" is-config="true" duration-ms="0" started-at="2017-11-02T11:48:51Z" finished-at="2017-11-02T11:48:51Z">
        </test-method>
        <test-method status="PASS" signature="afterSuite()" name="afterSuite" is-config="true" duration-ms="1237" started-at="2017-11-02T11:48:51Z" finished-at="2017-11-02T11:48:52Z">
        </test-method>
      </class>
    </test>
  </suite>
</testng-results>
